<?xml version="1.0" encoding="UTF-8"?>
<testsuite xmlns:xsi="http://www.w3.org/2001/XMLSchema-instance" xsi:noNamespaceSchemaLocation="https://maven.apache.org/surefire/maven-surefire-plugin/xsd/surefire-test-report.xsd" name="com.gupaoedu.AppTests" time="7.185" tests="1" errors="1" skipped="0" failures="0">
  <properties>
[...]
</properties>
  <testcase name="contextLoads" classname="com.gupaoedu.AppTests" time="4.162">
    <error message="java.net.ConnectException: Connection refused: connect" type="org.springframework.amqp.AmqpConnectException">org.springframework.amqp.AmqpConnectException: java.net.ConnectException: Connection refused: connect
	at com.gupaoedu.AppTests.contextLoads(AppTests.java:24)
Caused by: java.net.ConnectException: Connection refused: connect
	at com.gupaoedu.AppTests.contextLoads(AppTests.java:24)
</error>
    <system-out><![CDATA[21:31:48.074 [main] DEBUG org.springframework.test.context.junit4.SpringJUnit4ClassRunner - SpringJUnit4ClassRunner constructor called with [class com.gupaoedu.AppTests]
21:31:48.078 [main] DEBUG org.springframework.test.context.BootstrapUtils - Instantiating CacheAwareContextLoaderDelegate from class [org.springframework.test.context.cache.DefaultCacheAwareContextLoaderDelegate]
21:31:48.084 [main] DEBUG org.springframework.test.context.BootstrapUtils - Instantiating BootstrapContext using constructor [public org.springframework.test.context.support.DefaultBootstrapContext(java.lang.Class,org.springframework.test.context.CacheAwareContextLoaderDelegate)]
21:31:48.097 [main] DEBUG org.springframework.test.context.BootstrapUtils - Instantiating TestContextBootstrapper for test class [com.gupaoedu.AppTests] from class [org.springframework.boot.test.context.SpringBootTestContextBootstrapper]
21:31:48.106 [main] INFO org.springframework.boot.test.context.SpringBootTestContextBootstrapper - Neither @ContextConfiguration nor @ContextHierarchy found for test class [com.gupaoedu.AppTests], using SpringBootContextLoader
21:31:48.108 [main] DEBUG org.springframework.test.context.support.AbstractContextLoader - Did not detect default resource location for test class [com.gupaoedu.AppTests]: class path resource [com/gupaoedu/AppTests-context.xml] does not exist
21:31:48.108 [main] DEBUG org.springframework.test.context.support.AbstractContextLoader - Did not detect default resource location for test class [com.gupaoedu.AppTests]: class path resource [com/gupaoedu/AppTestsContext.groovy] does not exist
21:31:48.108 [main] INFO org.springframework.test.context.support.AbstractContextLoader - Could not detect default resource locations for test class [com.gupaoedu.AppTests]: no resource found for suffixes {-context.xml, Context.groovy}.
21:31:48.109 [main] INFO org.springframework.test.context.support.AnnotationConfigContextLoaderUtils - Could not detect default configuration classes for test class [com.gupaoedu.AppTests]: AppTests does not declare any static, non-private, non-final, nested classes annotated with @Configuration.
21:31:48.131 [main] DEBUG org.springframework.test.context.support.ActiveProfilesUtils - Could not find an 'annotation declaring class' for annotation type [org.springframework.test.context.ActiveProfiles] and class [com.gupaoedu.AppTests]
21:31:48.131 [main] DEBUG org.springframework.core.env.StandardEnvironment - Adding PropertySource 'systemProperties' with lowest search precedence
21:31:48.131 [main] DEBUG org.springframework.core.env.StandardEnvironment - Adding PropertySource 'systemEnvironment' with lowest search precedence
21:31:48.131 [main] DEBUG org.springframework.core.env.StandardEnvironment - Initialized StandardEnvironment with PropertySources [MapPropertySource@756185697 {name='systemProperties', properties={idea.version=2021.2.3, java.runtime.name=OpenJDK Runtime Environment, sun.boot.library.path=D:\environment\zulu8.62.0.19-ca-jdk8.0.332-win_x64\jre\bin, java.vm.version=25.332-b09, jdk.vendor.version=Zulu 8.62.0.19-CA-win64, java.vm.vendor=Azul Systems, Inc., java.vendor.url=http://www.azul.com/, path.separator=;, java.vm.name=OpenJDK 64-Bit Server VM, file.encoding.pkg=sun.io, user.country=CN, user.script=, sun.java.launcher=SUN_STANDARD, sun.os.patch.level=, java.vm.specification.name=Java Virtual Machine Specification, user.dir=C:\Users\suncong\Desktop\RabbitMQ-代码\springboot-project\springboot-rabbit-producer, java.runtime.version=1.8.0_332-b09, basedir=C:\Users\suncong\Desktop\RabbitMQ-代码\springboot-project\springboot-rabbit-producer, java.awt.graphicsenv=sun.awt.Win32GraphicsEnvironment, java.endorsed.dirs=D:\environment\zulu8.62.0.19-ca-jdk8.0.332-win_x64\jre\lib\endorsed, os.arch=amd64, surefire.real.class.path=C:\Users\suncong\AppData\Local\Temp\surefire2404271664799197928\surefirebooter8166567896017268919.jar, java.io.tmpdir=C:\Users\suncong\AppData\Local\Temp\, line.separator=
, java.vm.specification.vendor=Oracle Corporation, user.variant=, os.name=Windows 10, sun.jnu.encoding=GBK, java.library.path=D:\environment\zulu8.62.0.19-ca-jdk8.0.332-win_x64\jre\bin;C:\Windows\Sun\Java\bin;C:\Windows\system32;C:\Windows;D:\environment\MinGW\bin;C:\Windows\system32;C:\Windows\System32\Wbem;C:\Windows\System32\OpenSSH;C:\Program Files (x86)\NVIDIA Corporation\PhysX\Common;C:\Windows\System32\WindowsPowerShell\v1.0;C:\Program Files\Git\cmd;D:\environment\zulu8.62.0.19-ca-jdk8.0.332-win_x64\bin;D:\environment\apache-maven-3.6.3\bin;D:\environment\nodejs\;D:\environment\redis5.0.10;C:\Program Files (x86)\Tencent\微信web开发者工具\dll;C:\Program Files\Bandizip\;D:\environment\go\bin;C:\Program Files\dotnet\;D:\environment\erl-23.3\bin;C:\Users\suncong\AppData\Local\Programs\Python\Python39\Scripts\;C:\Users\suncong\AppData\Local\Programs\Python\Python39\;C:\Users\suncong\AppData\Local\Microsoft\WindowsApps;;C:\Users\suncong\AppData\Local\Programs\Microsoft VS Code\bin;C:\Users\suncong\AppData\Roaming\npm;C:\Users\suncong\go\bin;C:\Users\suncong\.dotnet\tools;C:\Program Files\JetBrains\PyCharm 2020.2.5\bin;;C:\Program Files\JetBrains\CLion 2021.2.4\bin;;C:\Program Files\mitmproxy\bin;., surefire.test.class.path=C:\Users\suncong\Desktop\RabbitMQ-代码\springboot-project\springboot-rabbit-producer\target\test-classes;C:\Users\suncong\Desktop\RabbitMQ-代码\springboot-project\springboot-rabbit-producer\target\classes;D:\environment\apache-maven-3.6.3\repository\org\springframework\boot\spring-boot-starter-amqp\2.0.6.RELEASE\spring-boot-starter-amqp-2.0.6.RELEASE.jar;D:\environment\apache-maven-3.6.3\repository\org\springframework\spring-messaging\5.0.10.RELEASE\spring-messaging-5.0.10.RELEASE.jar;D:\environment\apache-maven-3.6.3\repository\org\springframework\spring-beans\5.0.10.RELEASE\spring-beans-5.0.10.RELEASE.jar;D:\environment\apache-maven-3.6.3\repository\org\springframework\amqp\spring-rabbit\2.0.8.RELEASE\spring-rabbit-2.0.8.RELEASE.jar;D:\environment\apache-maven-3.6.3\repository\org\springframework\amqp\spring-amqp\2.0.8.RELEASE\spring-amqp-2.0.8.RELEASE.jar;D:\environment\apache-maven-3.6.3\repository\org\springframework\retry\spring-retry\1.2.2.RELEASE\spring-retry-1.2.2.RELEASE.jar;D:\environment\apache-maven-3.6.3\repository\com\rabbitmq\amqp-client\5.4.3\amqp-client-5.4.3.jar;D:\environment\apache-maven-3.6.3\repository\org\springframework\spring-context\5.0.10.RELEASE\spring-context-5.0.10.RELEASE.jar;D:\environment\apache-maven-3.6.3\repository\org\springframework\spring-tx\5.0.10.RELEASE\spring-tx-5.0.10.RELEASE.jar;D:\environment\apache-maven-3.6.3\repository\com\fasterxml\jackson\core\jackson-databind\2.9.5\jackson-databind-2.9.5.jar;D:\environment\apache-maven-3.6.3\repository\com\fasterxml\jackson\core\jackson-annotations\2.9.0\jackson-annotations-2.9.0.jar;D:\environment\apache-maven-3.6.3\repository\com\fasterxml\jackson\core\jackson-core\2.9.7\jackson-core-2.9.7.jar;D:\environment\apache-maven-3.6.3\repository\org\springframework\boot\spring-boot-starter-test\2.0.6.RELEASE\spring-boot-starter-test-2.0.6.RELEASE.jar;D:\environment\apache-maven-3.6.3\repository\org\springframework\boot\spring-boot-test\2.0.6.RELEASE\spring-boot-test-2.0.6.RELEASE.jar;D:\environment\apache-maven-3.6.3\repository\org\springframework\boot\spring-boot-test-autoconfigure\2.0.6.RELEASE\spring-boot-test-autoconfigure-2.0.6.RELEASE.jar;D:\environment\apache-maven-3.6.3\repository\com\jayway\jsonpath\json-path\2.4.0\json-path-2.4.0.jar;D:\environment\apache-maven-3.6.3\repository\net\minidev\json-smart\2.3\json-smart-2.3.jar;D:\environment\apache-maven-3.6.3\repository\net\minidev\accessors-smart\1.2\accessors-smart-1.2.jar;D:\environment\apache-maven-3.6.3\repository\org\ow2\asm\asm\5.0.4\asm-5.0.4.jar;D:\environment\apache-maven-3.6.3\repository\org\slf4j\slf4j-api\1.7.25\slf4j-api-1.7.25.jar;D:\environment\apache-maven-3.6.3\repository\junit\junit\4.12\junit-4.12.jar;D:\environment\apache-maven-3.6.3\repository\org\assertj\assertj-core\3.9.1\assertj-core-3.9.1.jar;D:\environment\apache-maven-3.6.3\repository\org\mockito\mockito-core\2.15.0\mockito-core-2.15.0.jar;D:\environment\apache-maven-3.6.3\repository\net\bytebuddy\byte-buddy\1.7.11\byte-buddy-1.7.11.jar;D:\environment\apache-maven-3.6.3\repository\net\bytebuddy\byte-buddy-agent\1.7.11\byte-buddy-agent-1.7.11.jar;D:\environment\apache-maven-3.6.3\repository\org\objenesis\objenesis\2.6\objenesis-2.6.jar;D:\environment\apache-maven-3.6.3\repository\org\hamcrest\hamcrest-core\1.3\hamcrest-core-1.3.jar;D:\environment\apache-maven-3.6.3\repository\org\hamcrest\hamcrest-library\1.3\hamcrest-library-1.3.jar;D:\environment\apache-maven-3.6.3\repository\org\skyscreamer\jsonassert\1.5.0\jsonassert-1.5.0.jar;D:\environment\apache-maven-3.6.3\repository\com\vaadin\external\google\android-json\0.0.20131108.vaadin1\android-json-0.0.20131108.vaadin1.jar;D:\environment\apache-maven-3.6.3\repository\org\springframework\spring-core\5.0.10.RELEASE\spring-core-5.0.10.RELEASE.jar;D:\environment\apache-maven-3.6.3\repository\org\springframework\spring-jcl\5.0.10.RELEASE\spring-jcl-5.0.10.RELEASE.jar;D:\environment\apache-maven-3.6.3\repository\org\springframework\spring-test\5.0.10.RELEASE\spring-test-5.0.10.RELEASE.jar;D:\environment\apache-maven-3.6.3\repository\org\xmlunit\xmlunit-core\2.5.1\xmlunit-core-2.5.1.jar;D:\environment\apache-maven-3.6.3\repository\org\springframework\boot\spring-boot-starter\2.0.6.RELEASE\spring-boot-starter-2.0.6.RELEASE.jar;D:\environment\apache-maven-3.6.3\repository\org\springframework\boot\spring-boot\2.0.6.RELEASE\spring-boot-2.0.6.RELEASE.jar;D:\environment\apache-maven-3.6.3\repository\org\springframework\boot\spring-boot-autoconfigure\2.0.6.RELEASE\spring-boot-autoconfigure-2.0.6.RELEASE.jar;D:\environment\apache-maven-3.6.3\repository\org\springframework\boot\spring-boot-starter-logging\2.0.6.RELEASE\spring-boot-starter-logging-2.0.6.RELEASE.jar;D:\environment\apache-maven-3.6.3\repository\ch\qos\logback\logback-classic\1.2.3\logback-classic-1.2.3.jar;D:\environment\apache-maven-3.6.3\repository\ch\qos\logback\logback-core\1.2.3\logback-core-1.2.3.jar;D:\environment\apache-maven-3.6.3\repository\org\apache\logging\log4j\log4j-to-slf4j\2.10.0\log4j-to-slf4j-2.10.0.jar;D:\environment\apache-maven-3.6.3\repository\org\apache\logging\log4j\log4j-api\2.10.0\log4j-api-2.10.0.jar;D:\environment\apache-maven-3.6.3\repository\org\slf4j\jul-to-slf4j\1.7.25\jul-to-slf4j-1.7.25.jar;D:\environment\apache-maven-3.6.3\repository\javax\annotation\javax.annotation-api\1.3.2\javax.annotation-api-1.3.2.jar;D:\environment\apache-maven-3.6.3\repository\org\yaml\snakeyaml\1.19\snakeyaml-1.19.jar;D:\environment\apache-maven-3.6.3\repository\org\mybatis\spring\boot\mybatis-spring-boot-starter\1.1.1\mybatis-spring-boot-starter-1.1.1.jar;D:\environment\apache-maven-3.6.3\repository\org\mybatis\spring\boot\mybatis-spring-boot-autoconfigure\1.1.1\mybatis-spring-boot-autoconfigure-1.1.1.jar;D:\environment\apache-maven-3.6.3\repository\org\mybatis\mybatis\3.4.0\mybatis-3.4.0.jar;D:\environment\apache-maven-3.6.3\repository\org\mybatis\mybatis-spring\1.3.0\mybatis-spring-1.3.0.jar;D:\environment\apache-maven-3.6.3\repository\org\springframework\boot\spring-boot-starter-jdbc\2.0.6.RELEASE\spring-boot-starter-jdbc-2.0.6.RELEASE.jar;D:\environment\apache-maven-3.6.3\repository\com\zaxxer\HikariCP\2.7.9\HikariCP-2.7.9.jar;D:\environment\apache-maven-3.6.3\repository\org\springframework\spring-jdbc\5.0.10.RELEASE\spring-jdbc-5.0.10.RELEASE.jar;D:\environment\apache-maven-3.6.3\repository\mysql\mysql-connector-java\5.1.21\mysql-connector-java-5.1.21.jar;D:\environment\apache-maven-3.6.3\repository\org\springframework\boot\spring-boot-starter-web\2.0.6.RELEASE\spring-boot-starter-web-2.0.6.RELEASE.jar;D:\environment\apache-maven-3.6.3\repository\org\springframework\boot\spring-boot-starter-json\2.0.6.RELEASE\spring-boot-starter-json-2.0.6.RELEASE.jar;D:\environment\apache-maven-3.6.3\repository\com\fasterxml\jackson\datatype\jackson-datatype-jdk8\2.9.7\jackson-datatype-jdk8-2.9.7.jar;D:\environment\apache-maven-3.6.3\repository\com\fasterxml\jackson\datatype\jackson-datatype-jsr310\2.9.7\jackson-datatype-jsr310-2.9.7.jar;D:\environment\apache-maven-3.6.3\repository\com\fasterxml\jackson\module\jackson-module-parameter-names\2.9.7\jackson-module-parameter-names-2.9.7.jar;D:\environment\apache-maven-3.6.3\repository\org\springframework\boot\spring-boot-starter-tomcat\2.0.6.RELEASE\spring-boot-starter-tomcat-2.0.6.RELEASE.jar;D:\environment\apache-maven-3.6.3\repository\org\apache\tomcat\embed\tomcat-embed-core\8.5.34\tomcat-embed-core-8.5.34.jar;D:\environment\apache-maven-3.6.3\repository\org\apache\tomcat\embed\tomcat-embed-el\8.5.34\tomcat-embed-el-8.5.34.jar;D:\environment\apache-maven-3.6.3\repository\org\apache\tomcat\embed\tomcat-embed-websocket\8.5.34\tomcat-embed-websocket-8.5.34.jar;D:\environment\apache-maven-3.6.3\repository\org\hibernate\validator\hibernate-validator\6.0.13.Final\hibernate-validator-6.0.13.Final.jar;D:\environment\apache-maven-3.6.3\repository\javax\validation\validation-api\2.0.1.Final\validation-api-2.0.1.Final.jar;D:\environment\apache-maven-3.6.3\repository\org\jboss\logging\jboss-logging\3.3.2.Final\jboss-logging-3.3.2.Final.jar;D:\environment\apache-maven-3.6.3\repository\com\fasterxml\classmate\1.3.4\classmate-1.3.4.jar;D:\environment\apache-maven-3.6.3\repository\org\springframework\spring-web\5.0.10.RELEASE\spring-web-5.0.10.RELEASE.jar;D:\environment\apache-maven-3.6.3\repository\org\springframework\spring-webmvc\5.0.10.RELEASE\spring-webmvc-5.0.10.RELEASE.jar;D:\environment\apache-maven-3.6.3\repository\org\springframework\spring-expression\5.0.10.RELEASE\spring-expression-5.0.10.RELEASE.jar;D:\environment\apache-maven-3.6.3\repository\org\springframework\boot\spring-boot-starter-thymeleaf\2.0.6.RELEASE\spring-boot-starter-thymeleaf-2.0.6.RELEASE.jar;D:\environment\apache-maven-3.6.3\repository\org\thymeleaf\thymeleaf-spring5\3.0.10.RELEASE\thymeleaf-spring5-3.0.10.RELEASE.jar;D:\environment\apache-maven-3.6.3\repository\org\thymeleaf\thymeleaf\3.0.10.RELEASE\thymeleaf-3.0.10.RELEASE.jar;D:\environment\apache-maven-3.6.3\repository\org\attoparser\attoparser\2.0.5.RELEASE\attoparser-2.0.5.RELEASE.jar;D:\environment\apache-maven-3.6.3\repository\org\unbescape\unbescape\1.1.6.RELEASE\unbescape-1.1.6.RELEASE.jar;D:\environment\apache-maven-3.6.3\repository\org\thymeleaf\extras\thymeleaf-extras-java8time\3.0.1.RELEASE\thymeleaf-extras-java8time-3.0.1.RELEASE.jar;D:\environment\apache-maven-3.6.3\repository\org\springframework\boot\spring-boot-starter-aop\2.0.6.RELEASE\spring-boot-starter-aop-2.0.6.RELEASE.jar;D:\environment\apache-maven-3.6.3\repository\org\springframework\spring-aop\5.0.10.RELEASE\spring-aop-5.0.10.RELEASE.jar;D:\environment\apache-maven-3.6.3\repository\org\aspectj\aspectjweaver\1.8.13\aspectjweaver-1.8.13.jar;D:\environment\apache-maven-3.6.3\repository\com\alibaba\fastjson\1.2.21\fastjson-1.2.21.jar;, java.specification.name=Java Platform API Specification, java.class.version=52.0, sun.management.compiler=HotSpot 64-Bit Tiered Compilers, maven.repo.local=D:\environment\apache-maven-3.6.3\repository, os.version=10.0, user.home=C:\Users\suncong, user.timezone=Asia/Shanghai, java.awt.printerjob=sun.awt.windows.WPrinterJob, file.encoding=GBK, java.specification.version=1.8, java.class.path=C:\Users\suncong\Desktop\RabbitMQ-代码\springboot-project\springboot-rabbit-producer\target\test-classes;C:\Users\suncong\Desktop\RabbitMQ-代码\springboot-project\springboot-rabbit-producer\target\classes;D:\environment\apache-maven-3.6.3\repository\org\springframework\boot\spring-boot-starter-amqp\2.0.6.RELEASE\spring-boot-starter-amqp-2.0.6.RELEASE.jar;D:\environment\apache-maven-3.6.3\repository\org\springframework\spring-messaging\5.0.10.RELEASE\spring-messaging-5.0.10.RELEASE.jar;D:\environment\apache-maven-3.6.3\repository\org\springframework\spring-beans\5.0.10.RELEASE\spring-beans-5.0.10.RELEASE.jar;D:\environment\apache-maven-3.6.3\repository\org\springframework\amqp\spring-rabbit\2.0.8.RELEASE\spring-rabbit-2.0.8.RELEASE.jar;D:\environment\apache-maven-3.6.3\repository\org\springframework\amqp\spring-amqp\2.0.8.RELEASE\spring-amqp-2.0.8.RELEASE.jar;D:\environment\apache-maven-3.6.3\repository\org\springframework\retry\spring-retry\1.2.2.RELEASE\spring-retry-1.2.2.RELEASE.jar;D:\environment\apache-maven-3.6.3\repository\com\rabbitmq\amqp-client\5.4.3\amqp-client-5.4.3.jar;D:\environment\apache-maven-3.6.3\repository\org\springframework\spring-context\5.0.10.RELEASE\spring-context-5.0.10.RELEASE.jar;D:\environment\apache-maven-3.6.3\repository\org\springframework\spring-tx\5.0.10.RELEASE\spring-tx-5.0.10.RELEASE.jar;D:\environment\apache-maven-3.6.3\repository\com\fasterxml\jackson\core\jackson-databind\2.9.5\jackson-databind-2.9.5.jar;D:\environment\apache-maven-3.6.3\repository\com\fasterxml\jackson\core\jackson-annotations\2.9.0\jackson-annotations-2.9.0.jar;D:\environment\apache-maven-3.6.3\repository\com\fasterxml\jackson\core\jackson-core\2.9.7\jackson-core-2.9.7.jar;D:\environment\apache-maven-3.6.3\repository\org\springframework\boot\spring-boot-starter-test\2.0.6.RELEASE\spring-boot-starter-test-2.0.6.RELEASE.jar;D:\environment\apache-maven-3.6.3\repository\org\springframework\boot\spring-boot-test\2.0.6.RELEASE\spring-boot-test-2.0.6.RELEASE.jar;D:\environment\apache-maven-3.6.3\repository\org\springframework\boot\spring-boot-test-autoconfigure\2.0.6.RELEASE\spring-boot-test-autoconfigure-2.0.6.RELEASE.jar;D:\environment\apache-maven-3.6.3\repository\com\jayway\jsonpath\json-path\2.4.0\json-path-2.4.0.jar;D:\environment\apache-maven-3.6.3\repository\net\minidev\json-smart\2.3\json-smart-2.3.jar;D:\environment\apache-maven-3.6.3\repository\net\minidev\accessors-smart\1.2\accessors-smart-1.2.jar;D:\environment\apache-maven-3.6.3\repository\org\ow2\asm\asm\5.0.4\asm-5.0.4.jar;D:\environment\apache-maven-3.6.3\repository\org\slf4j\slf4j-api\1.7.25\slf4j-api-1.7.25.jar;D:\environment\apache-maven-3.6.3\repository\junit\junit\4.12\junit-4.12.jar;D:\environment\apache-maven-3.6.3\repository\org\assertj\assertj-core\3.9.1\assertj-core-3.9.1.jar;D:\environment\apache-maven-3.6.3\repository\org\mockito\mockito-core\2.15.0\mockito-core-2.15.0.jar;D:\environment\apache-maven-3.6.3\repository\net\bytebuddy\byte-buddy\1.7.11\byte-buddy-1.7.11.jar;D:\environment\apache-maven-3.6.3\repository\net\bytebuddy\byte-buddy-agent\1.7.11\byte-buddy-agent-1.7.11.jar;D:\environment\apache-maven-3.6.3\repository\org\objenesis\objenesis\2.6\objenesis-2.6.jar;D:\environment\apache-maven-3.6.3\repository\org\hamcrest\hamcrest-core\1.3\hamcrest-core-1.3.jar;D:\environment\apache-maven-3.6.3\repository\org\hamcrest\hamcrest-library\1.3\hamcrest-library-1.3.jar;D:\environment\apache-maven-3.6.3\repository\org\skyscreamer\jsonassert\1.5.0\jsonassert-1.5.0.jar;D:\environment\apache-maven-3.6.3\repository\com\vaadin\external\google\android-json\0.0.20131108.vaadin1\android-json-0.0.20131108.vaadin1.jar;D:\environment\apache-maven-3.6.3\repository\org\springframework\spring-core\5.0.10.RELEASE\spring-core-5.0.10.RELEASE.jar;D:\environment\apache-maven-3.6.3\repository\org\springframework\spring-jcl\5.0.10.RELEASE\spring-jcl-5.0.10.RELEASE.jar;D:\environment\apache-maven-3.6.3\repository\org\springframework\spring-test\5.0.10.RELEASE\spring-test-5.0.10.RELEASE.jar;D:\environment\apache-maven-3.6.3\repository\org\xmlunit\xmlunit-core\2.5.1\xmlunit-core-2.5.1.jar;D:\environment\apache-maven-3.6.3\repository\org\springframework\boot\spring-boot-starter\2.0.6.RELEASE\spring-boot-starter-2.0.6.RELEASE.jar;D:\environment\apache-maven-3.6.3\repository\org\springframework\boot\spring-boot\2.0.6.RELEASE\spring-boot-2.0.6.RELEASE.jar;D:\environment\apache-maven-3.6.3\repository\org\springframework\boot\spring-boot-autoconfigure\2.0.6.RELEASE\spring-boot-autoconfigure-2.0.6.RELEASE.jar;D:\environment\apache-maven-3.6.3\repository\org\springframework\boot\spring-boot-starter-logging\2.0.6.RELEASE\spring-boot-starter-logging-2.0.6.RELEASE.jar;D:\environment\apache-maven-3.6.3\repository\ch\qos\logback\logback-classic\1.2.3\logback-classic-1.2.3.jar;D:\environment\apache-maven-3.6.3\repository\ch\qos\logback\logback-core\1.2.3\logback-core-1.2.3.jar;D:\environment\apache-maven-3.6.3\repository\org\apache\logging\log4j\log4j-to-slf4j\2.10.0\log4j-to-slf4j-2.10.0.jar;D:\environment\apache-maven-3.6.3\repository\org\apache\logging\log4j\log4j-api\2.10.0\log4j-api-2.10.0.jar;D:\environment\apache-maven-3.6.3\repository\org\slf4j\jul-to-slf4j\1.7.25\jul-to-slf4j-1.7.25.jar;D:\environment\apache-maven-3.6.3\repository\javax\annotation\javax.annotation-api\1.3.2\javax.annotation-api-1.3.2.jar;D:\environment\apache-maven-3.6.3\repository\org\yaml\snakeyaml\1.19\snakeyaml-1.19.jar;D:\environment\apache-maven-3.6.3\repository\org\mybatis\spring\boot\mybatis-spring-boot-starter\1.1.1\mybatis-spring-boot-starter-1.1.1.jar;D:\environment\apache-maven-3.6.3\repository\org\mybatis\spring\boot\mybatis-spring-boot-autoconfigure\1.1.1\mybatis-spring-boot-autoconfigure-1.1.1.jar;D:\environment\apache-maven-3.6.3\repository\org\mybatis\mybatis\3.4.0\mybatis-3.4.0.jar;D:\environment\apache-maven-3.6.3\repository\org\mybatis\mybatis-spring\1.3.0\mybatis-spring-1.3.0.jar;D:\environment\apache-maven-3.6.3\repository\org\springframework\boot\spring-boot-starter-jdbc\2.0.6.RELEASE\spring-boot-starter-jdbc-2.0.6.RELEASE.jar;D:\environment\apache-maven-3.6.3\repository\com\zaxxer\HikariCP\2.7.9\HikariCP-2.7.9.jar;D:\environment\apache-maven-3.6.3\repository\org\springframework\spring-jdbc\5.0.10.RELEASE\spring-jdbc-5.0.10.RELEASE.jar;D:\environment\apache-maven-3.6.3\repository\mysql\mysql-connector-java\5.1.21\mysql-connector-java-5.1.21.jar;D:\environment\apache-maven-3.6.3\repository\org\springframework\boot\spring-boot-starter-web\2.0.6.RELEASE\spring-boot-starter-web-2.0.6.RELEASE.jar;D:\environment\apache-maven-3.6.3\repository\org\springframework\boot\spring-boot-starter-json\2.0.6.RELEASE\spring-boot-starter-json-2.0.6.RELEASE.jar;D:\environment\apache-maven-3.6.3\repository\com\fasterxml\jackson\datatype\jackson-datatype-jdk8\2.9.7\jackson-datatype-jdk8-2.9.7.jar;D:\environment\apache-maven-3.6.3\repository\com\fasterxml\jackson\datatype\jackson-datatype-jsr310\2.9.7\jackson-datatype-jsr310-2.9.7.jar;D:\environment\apache-maven-3.6.3\repository\com\fasterxml\jackson\module\jackson-module-parameter-names\2.9.7\jackson-module-parameter-names-2.9.7.jar;D:\environment\apache-maven-3.6.3\repository\org\springframework\boot\spring-boot-starter-tomcat\2.0.6.RELEASE\spring-boot-starter-tomcat-2.0.6.RELEASE.jar;D:\environment\apache-maven-3.6.3\repository\org\apache\tomcat\embed\tomcat-embed-core\8.5.34\tomcat-embed-core-8.5.34.jar;D:\environment\apache-maven-3.6.3\repository\org\apache\tomcat\embed\tomcat-embed-el\8.5.34\tomcat-embed-el-8.5.34.jar;D:\environment\apache-maven-3.6.3\repository\org\apache\tomcat\embed\tomcat-embed-websocket\8.5.34\tomcat-embed-websocket-8.5.34.jar;D:\environment\apache-maven-3.6.3\repository\org\hibernate\validator\hibernate-validator\6.0.13.Final\hibernate-validator-6.0.13.Final.jar;D:\environment\apache-maven-3.6.3\repository\javax\validation\validation-api\2.0.1.Final\validation-api-2.0.1.Final.jar;D:\environment\apache-maven-3.6.3\repository\org\jboss\logging\jboss-logging\3.3.2.Final\jboss-logging-3.3.2.Final.jar;D:\environment\apache-maven-3.6.3\repository\com\fasterxml\classmate\1.3.4\classmate-1.3.4.jar;D:\environment\apache-maven-3.6.3\repository\org\springframework\spring-web\5.0.10.RELEASE\spring-web-5.0.10.RELEASE.jar;D:\environment\apache-maven-3.6.3\repository\org\springframework\spring-webmvc\5.0.10.RELEASE\spring-webmvc-5.0.10.RELEASE.jar;D:\environment\apache-maven-3.6.3\repository\org\springframework\spring-expression\5.0.10.RELEASE\spring-expression-5.0.10.RELEASE.jar;D:\environment\apache-maven-3.6.3\repository\org\springframework\boot\spring-boot-starter-thymeleaf\2.0.6.RELEASE\spring-boot-starter-thymeleaf-2.0.6.RELEASE.jar;D:\environment\apache-maven-3.6.3\repository\org\thymeleaf\thymeleaf-spring5\3.0.10.RELEASE\thymeleaf-spring5-3.0.10.RELEASE.jar;D:\environment\apache-maven-3.6.3\repository\org\thymeleaf\thymeleaf\3.0.10.RELEASE\thymeleaf-3.0.10.RELEASE.jar;D:\environment\apache-maven-3.6.3\repository\org\attoparser\attoparser\2.0.5.RELEASE\attoparser-2.0.5.RELEASE.jar;D:\environment\apache-maven-3.6.3\repository\org\unbescape\unbescape\1.1.6.RELEASE\unbescape-1.1.6.RELEASE.jar;D:\environment\apache-maven-3.6.3\repository\org\thymeleaf\extras\thymeleaf-extras-java8time\3.0.1.RELEASE\thymeleaf-extras-java8time-3.0.1.RELEASE.jar;D:\environment\apache-maven-3.6.3\repository\org\springframework\boot\spring-boot-starter-aop\2.0.6.RELEASE\spring-boot-starter-aop-2.0.6.RELEASE.jar;D:\environment\apache-maven-3.6.3\repository\org\springframework\spring-aop\5.0.10.RELEASE\spring-aop-5.0.10.RELEASE.jar;D:\environment\apache-maven-3.6.3\repository\org\aspectj\aspectjweaver\1.8.13\aspectjweaver-1.8.13.jar;D:\environment\apache-maven-3.6.3\repository\com\alibaba\fastjson\1.2.21\fastjson-1.2.21.jar;, user.name=suncong, java.vm.specification.version=1.8, sun.java.command=C:\Users\suncong\AppData\Local\Temp\surefire2404271664799197928\surefirebooter8166567896017268919.jar C:\Users\suncong\AppData\Local\Temp\surefire2404271664799197928 2022-10-11T21-30-12_129-jvmRun1 surefire6237252449826266982tmp surefire_13665595180224110221tmp, java.home=D:\environment\zulu8.62.0.19-ca-jdk8.0.332-win_x64\jre, sun.arch.data.model=64, user.language=zh, java.specification.vendor=Oracle Corporation, awt.toolkit=sun.awt.windows.WToolkit, java.vm.info=mixed mode, java.version=1.8.0_332, java.ext.dirs=D:\environment\zulu8.62.0.19-ca-jdk8.0.332-win_x64\jre\lib\ext;C:\Windows\Sun\Java\lib\ext, sun.boot.class.path=D:\environment\zulu8.62.0.19-ca-jdk8.0.332-win_x64\jre\lib\resources.jar;D:\environment\zulu8.62.0.19-ca-jdk8.0.332-win_x64\jre\lib\rt.jar;D:\environment\zulu8.62.0.19-ca-jdk8.0.332-win_x64\jre\lib\sunrsasign.jar;D:\environment\zulu8.62.0.19-ca-jdk8.0.332-win_x64\jre\lib\jsse.jar;D:\environment\zulu8.62.0.19-ca-jdk8.0.332-win_x64\jre\lib\jce.jar;D:\environment\zulu8.62.0.19-ca-jdk8.0.332-win_x64\jre\lib\charsets.jar;D:\environment\zulu8.62.0.19-ca-jdk8.0.332-win_x64\jre\lib\jfr.jar;D:\environment\zulu8.62.0.19-ca-jdk8.0.332-win_x64\jre\lib\cat.jar;D:\environment\zulu8.62.0.19-ca-jdk8.0.332-win_x64\jre\classes, java.vendor=Azul Systems, Inc., localRepository=D:\environment\apache-maven-3.6.3\repository, file.separator=\, java.vendor.url.bug=http://www.azul.com/support/, sun.io.unicode.encoding=UnicodeLittle, sun.cpu.endian=little, sun.desktop=windows, sun.cpu.isalist=amd64}}, SystemEnvironmentPropertySource@733672688 {name='systemEnvironment', properties={PATH=D:\environment\MinGW\bin;C:\Windows\system32;C:\Windows\System32\Wbem;C:\Windows\System32\OpenSSH;C:\Program Files (x86)\NVIDIA Corporation\PhysX\Common;C:\Windows\System32\WindowsPowerShell\v1.0;C:\Program Files\Git\cmd;D:\environment\zulu8.62.0.19-ca-jdk8.0.332-win_x64\bin;D:\environment\apache-maven-3.6.3\bin;D:\environment\nodejs\;D:\environment\redis5.0.10;C:\Program Files (x86)\Tencent\微信web开发者工具\dll;C:\Program Files\Bandizip\;D:\environment\go\bin;C:\Program Files\dotnet\;D:\environment\erl-23.3\bin;C:\Users\suncong\AppData\Local\Programs\Python\Python39\Scripts\;C:\Users\suncong\AppData\Local\Programs\Python\Python39\;C:\Users\suncong\AppData\Local\Microsoft\WindowsApps;;C:\Users\suncong\AppData\Local\Programs\Microsoft VS Code\bin;C:\Users\suncong\AppData\Roaming\npm;C:\Users\suncong\go\bin;C:\Users\suncong\.dotnet\tools;C:\Program Files\JetBrains\PyCharm 2020.2.5\bin;;C:\Program Files\JetBrains\CLion 2021.2.4\bin;;C:\Program Files\mitmproxy\bin, USERDOMAIN_ROAMINGPROFILE=SC, PROCESSOR_LEVEL=6, SYSTEMDRIVE=C:, SESSIONNAME=Console, ALLUSERSPROFILE=C:\ProgramData, CLION=C:\Program Files\JetBrains\CLion 2021.2.4\bin;, PROCESSOR_ARCHITECTURE=AMD64, DRIVERDATA=C:\Windows\System32\Drivers\DriverData, MAVEN_HOME=D:\environment\apache-maven-3.6.3, PROGRAMFILES=C:\Program Files, PSMODULEPATH=C:\Program Files\WindowsPowerShell\Modules;C:\Windows\system32\WindowsPowerShell\v1.0\Modules, PROGRAMDATA=C:\ProgramData, USERNAME=suncong, FPS_BROWSER_USER_PROFILE_STRING=Default, ONEDRIVE=C:\Users\suncong\OneDrive, PATHEXT=.COM;.EXE;.BAT;.CMD;.VBS;.VBE;.JS;.JSE;.WSF;.WSH;.MSC, GOPATH=C:\Users\suncong\go, WINDIR=C:\Windows, HOMEPATH=\Users\suncong, PROCESSOR_IDENTIFIER=Intel64 Family 6 Model 158 Stepping 10, GenuineIntel, PUBLIC=C:\Users\Public, =::=::\, LOCALAPPDATA=C:\Users\suncong\AppData\Local, COMMONPROGRAMFILES(X86)=C:\Program Files (x86)\Common Files, USERDOMAIN=SC, FPS_BROWSER_APP_PROFILE_STRING=Internet Explorer, LOGONSERVER=\\SC, JAVA_HOME=D:\environment\zulu8.62.0.19-ca-jdk8.0.332-win_x64, PROMPT=$P$G, PROGRAMFILES(X86)=C:\Program Files (x86), ERLANG_HOME=D:\environment\erl-23.3, =C:=C:\Users\suncong\Desktop\RabbitMQ-代码\springboot-project\springboot-rabbit-producer, APPDATA=C:\Users\suncong\AppData\Roaming, PROGRAMW6432=C:\Program Files, SYSTEMROOT=C:\Windows, OS=Windows_NT, COMMONPROGRAMW6432=C:\Program Files\Common Files, COMPUTERNAME=SC, COMMONPROGRAMFILES=C:\Program Files\Common Files, COMSPEC=C:\Windows\system32\cmd.exe, PROCESSOR_REVISION=9e0a, CLASSPATH=.;D:\environment\zulu8.62.0.19-ca-jdk8.0.332-win_x64\lib\dt.jar;D:\environment\zulu8.62.0.19-ca-jdk8.0.332-win_x64\lib\tools.jar, PYCHARM=C:\Program Files\JetBrains\PyCharm 2020.2.5\bin;, TEMP=C:\Users\suncong\AppData\Local\Temp, HOMEDRIVE=C:, USERPROFILE=C:\Users\suncong, TMP=C:\Users\suncong\AppData\Local\Temp, NUMBER_OF_PROCESSORS=8, IDEA_INITIAL_DIRECTORY=C:\Users\suncong\Desktop}}]
21:31:48.147 [main] DEBUG org.springframework.core.io.support.PathMatchingResourcePatternResolver - Resolved classpath location [com/gupaoedu/] to resources [URL [file:/C:/Users/suncong/Desktop/RabbitMQ-%E4%BB%A3%E7%A0%81/springboot-project/springboot-rabbit-producer/target/test-classes/com/gupaoedu/], URL [file:/C:/Users/suncong/Desktop/RabbitMQ-%E4%BB%A3%E7%A0%81/springboot-project/springboot-rabbit-producer/target/classes/com/gupaoedu/]]
21:31:48.147 [main] DEBUG org.springframework.core.io.support.PathMatchingResourcePatternResolver - Looking for matching resources in directory tree [C:\Users\suncong\Desktop\RabbitMQ-代码\springboot-project\springboot-rabbit-producer\target\test-classes\com\gupaoedu]
21:31:48.147 [main] DEBUG org.springframework.core.io.support.PathMatchingResourcePatternResolver - Searching directory [C:\Users\suncong\Desktop\RabbitMQ-代码\springboot-project\springboot-rabbit-producer\target\test-classes\com\gupaoedu] for files matching pattern [C:/Users/suncong/Desktop/RabbitMQ-代码/springboot-project/springboot-rabbit-producer/target/test-classes/com/gupaoedu/*.class]
21:31:48.147 [main] DEBUG org.springframework.core.io.support.PathMatchingResourcePatternResolver - Looking for matching resources in directory tree [C:\Users\suncong\Desktop\RabbitMQ-代码\springboot-project\springboot-rabbit-producer\target\classes\com\gupaoedu]
21:31:48.147 [main] DEBUG org.springframework.core.io.support.PathMatchingResourcePatternResolver - Searching directory [C:\Users\suncong\Desktop\RabbitMQ-代码\springboot-project\springboot-rabbit-producer\target\classes\com\gupaoedu] for files matching pattern [C:/Users/suncong/Desktop/RabbitMQ-代码/springboot-project/springboot-rabbit-producer/target/classes/com/gupaoedu/*.class]
21:31:48.147 [main] DEBUG org.springframework.core.io.support.PathMatchingResourcePatternResolver - Resolved location pattern [classpath*:com/gupaoedu/*.class] to resources [file [C:\Users\suncong\Desktop\RabbitMQ-代码\springboot-project\springboot-rabbit-producer\target\test-classes\com\gupaoedu\AppTests.class], file [C:\Users\suncong\Desktop\RabbitMQ-代码\springboot-project\springboot-rabbit-producer\target\classes\com\gupaoedu\ProducerApp.class]]
21:31:48.201 [main] DEBUG org.springframework.context.annotation.ClassPathScanningCandidateComponentProvider - Identified candidate component class: file [C:\Users\suncong\Desktop\RabbitMQ-代码\springboot-project\springboot-rabbit-producer\target\classes\com\gupaoedu\ProducerApp.class]
21:31:48.201 [main] INFO org.springframework.boot.test.context.SpringBootTestContextBootstrapper - Found @SpringBootConfiguration com.gupaoedu.ProducerApp for test class com.gupaoedu.AppTests
21:31:48.290 [main] DEBUG org.springframework.boot.test.context.SpringBootTestContextBootstrapper - @TestExecutionListeners is not present for class [com.gupaoedu.AppTests]: using defaults.
21:31:48.290 [main] INFO org.springframework.boot.test.context.SpringBootTestContextBootstrapper - Loaded default TestExecutionListener class names from location [META-INF/spring.factories]: [org.springframework.boot.test.mock.mockito.MockitoTestExecutionListener, org.springframework.boot.test.mock.mockito.ResetMocksTestExecutionListener, org.springframework.boot.test.autoconfigure.restdocs.RestDocsTestExecutionListener, org.springframework.boot.test.autoconfigure.web.client.MockRestServiceServerResetTestExecutionListener, org.springframework.boot.test.autoconfigure.web.servlet.MockMvcPrintOnlyOnFailureTestExecutionListener, org.springframework.boot.test.autoconfigure.web.servlet.WebDriverTestExecutionListener, org.springframework.test.context.web.ServletTestExecutionListener, org.springframework.test.context.support.DirtiesContextBeforeModesTestExecutionListener, org.springframework.test.context.support.DependencyInjectionTestExecutionListener, org.springframework.test.context.support.DirtiesContextTestExecutionListener, org.springframework.test.context.transaction.TransactionalTestExecutionListener, org.springframework.test.context.jdbc.SqlScriptsTestExecutionListener]
21:31:48.303 [main] INFO org.springframework.boot.test.context.SpringBootTestContextBootstrapper - Using TestExecutionListeners: [org.springframework.test.context.web.ServletTestExecutionListener@3857f613, org.springframework.test.context.support.DirtiesContextBeforeModesTestExecutionListener@198b6731, org.springframework.boot.test.mock.mockito.MockitoTestExecutionListener@7c6908d7, org.springframework.boot.test.autoconfigure.SpringBootDependencyInjectionTestExecutionListener@3c9754d8, org.springframework.test.context.support.DirtiesContextTestExecutionListener@3bf7ca37, org.springframework.test.context.transaction.TransactionalTestExecutionListener@79079097, org.springframework.test.context.jdbc.SqlScriptsTestExecutionListener@4d1c00d0, org.springframework.boot.test.mock.mockito.ResetMocksTestExecutionListener@4b2bac3f, org.springframework.boot.test.autoconfigure.restdocs.RestDocsTestExecutionListener@4e08711f, org.springframework.boot.test.autoconfigure.web.client.MockRestServiceServerResetTestExecutionListener@bcec361, org.springframework.boot.test.autoconfigure.web.servlet.MockMvcPrintOnlyOnFailureTestExecutionListener@26794848, org.springframework.boot.test.autoconfigure.web.servlet.WebDriverTestExecutionListener@302552ec]
21:31:48.304 [main] DEBUG org.springframework.test.annotation.ProfileValueUtils - Retrieved @ProfileValueSourceConfiguration [null] for test class [com.gupaoedu.AppTests]
21:31:48.305 [main] DEBUG org.springframework.test.annotation.ProfileValueUtils - Retrieved ProfileValueSource type [class org.springframework.test.annotation.SystemProfileValueSource] for class [com.gupaoedu.AppTests]
21:31:48.306 [main] DEBUG org.springframework.test.annotation.ProfileValueUtils - Retrieved @ProfileValueSourceConfiguration [null] for test class [com.gupaoedu.AppTests]
21:31:48.306 [main] DEBUG org.springframework.test.annotation.ProfileValueUtils - Retrieved ProfileValueSource type [class org.springframework.test.annotation.SystemProfileValueSource] for class [com.gupaoedu.AppTests]
21:31:48.306 [main] DEBUG org.springframework.test.annotation.ProfileValueUtils - Retrieved @ProfileValueSourceConfiguration [null] for test class [com.gupaoedu.AppTests]
21:31:48.306 [main] DEBUG org.springframework.test.annotation.ProfileValueUtils - Retrieved ProfileValueSource type [class org.springframework.test.annotation.SystemProfileValueSource] for class [com.gupaoedu.AppTests]
21:31:48.309 [main] DEBUG org.springframework.test.context.support.AbstractDirtiesContextTestExecutionListener - Before test class: context [DefaultTestContext@d35dea7 testClass = AppTests, testInstance = [null], testMethod = [null], testException = [null], mergedContextConfiguration = [WebMergedContextConfiguration@7770f470 testClass = AppTests, locations = '{}', classes = '{class com.gupaoedu.ProducerApp}', contextInitializerClasses = '[]', activeProfiles = '{}', propertySourceLocations = '{}', propertySourceProperties = '{org.springframework.boot.test.context.SpringBootTestContextBootstrapper=true}', contextCustomizers = set[org.springframework.boot.test.context.filter.ExcludeFilterContextCustomizer@fcd6521, org.springframework.boot.test.json.DuplicateJsonObjectContextCustomizerFactory$DuplicateJsonObjectContextCustomizer@31f924f5, org.springframework.boot.test.mock.mockito.MockitoContextCustomizer@0, org.springframework.boot.test.web.client.TestRestTemplateContextCustomizer@5a4041cc, org.springframework.boot.test.autoconfigure.properties.PropertyMappingContextCustomizer@0, org.springframework.boot.test.autoconfigure.web.servlet.WebDriverContextCustomizerFactory$Customizer@27fe3806], resourceBasePath = 'src/main/webapp', contextLoader = 'org.springframework.boot.test.context.SpringBootContextLoader', parent = [null]], attributes = map['org.springframework.test.context.web.ServletTestExecutionListener.activateListener' -> true]], class annotated with @DirtiesContext [false] with mode [null].
21:31:48.309 [main] DEBUG org.springframework.test.annotation.ProfileValueUtils - Retrieved @ProfileValueSourceConfiguration [null] for test class [com.gupaoedu.AppTests]
21:31:48.309 [main] DEBUG org.springframework.test.annotation.ProfileValueUtils - Retrieved ProfileValueSource type [class org.springframework.test.annotation.SystemProfileValueSource] for class [com.gupaoedu.AppTests]
21:31:48.324 [main] DEBUG org.springframework.core.env.StandardEnvironment - Adding PropertySource 'systemProperties' with lowest search precedence
21:31:48.324 [main] DEBUG org.springframework.core.env.StandardEnvironment - Adding PropertySource 'systemEnvironment' with lowest search precedence
21:31:48.324 [main] DEBUG org.springframework.core.env.StandardEnvironment - Initialized StandardEnvironment with PropertySources [MapPropertySource@1112414583 {name='systemProperties', properties={idea.version=2021.2.3, java.runtime.name=OpenJDK Runtime Environment, sun.boot.library.path=D:\environment\zulu8.62.0.19-ca-jdk8.0.332-win_x64\jre\bin, java.vm.version=25.332-b09, jdk.vendor.version=Zulu 8.62.0.19-CA-win64, java.vm.vendor=Azul Systems, Inc., java.vendor.url=http://www.azul.com/, path.separator=;, java.vm.name=OpenJDK 64-Bit Server VM, file.encoding.pkg=sun.io, user.country=CN, user.script=, sun.java.launcher=SUN_STANDARD, sun.os.patch.level=, java.vm.specification.name=Java Virtual Machine Specification, user.dir=C:\Users\suncong\Desktop\RabbitMQ-代码\springboot-project\springboot-rabbit-producer, java.runtime.version=1.8.0_332-b09, basedir=C:\Users\suncong\Desktop\RabbitMQ-代码\springboot-project\springboot-rabbit-producer, java.awt.graphicsenv=sun.awt.Win32GraphicsEnvironment, java.endorsed.dirs=D:\environment\zulu8.62.0.19-ca-jdk8.0.332-win_x64\jre\lib\endorsed, os.arch=amd64, surefire.real.class.path=C:\Users\suncong\AppData\Local\Temp\surefire2404271664799197928\surefirebooter8166567896017268919.jar, java.io.tmpdir=C:\Users\suncong\AppData\Local\Temp\, line.separator=
, java.vm.specification.vendor=Oracle Corporation, user.variant=, os.name=Windows 10, sun.jnu.encoding=GBK, java.library.path=D:\environment\zulu8.62.0.19-ca-jdk8.0.332-win_x64\jre\bin;C:\Windows\Sun\Java\bin;C:\Windows\system32;C:\Windows;D:\environment\MinGW\bin;C:\Windows\system32;C:\Windows\System32\Wbem;C:\Windows\System32\OpenSSH;C:\Program Files (x86)\NVIDIA Corporation\PhysX\Common;C:\Windows\System32\WindowsPowerShell\v1.0;C:\Program Files\Git\cmd;D:\environment\zulu8.62.0.19-ca-jdk8.0.332-win_x64\bin;D:\environment\apache-maven-3.6.3\bin;D:\environment\nodejs\;D:\environment\redis5.0.10;C:\Program Files (x86)\Tencent\微信web开发者工具\dll;C:\Program Files\Bandizip\;D:\environment\go\bin;C:\Program Files\dotnet\;D:\environment\erl-23.3\bin;C:\Users\suncong\AppData\Local\Programs\Python\Python39\Scripts\;C:\Users\suncong\AppData\Local\Programs\Python\Python39\;C:\Users\suncong\AppData\Local\Microsoft\WindowsApps;;C:\Users\suncong\AppData\Local\Programs\Microsoft VS Code\bin;C:\Users\suncong\AppData\Roaming\npm;C:\Users\suncong\go\bin;C:\Users\suncong\.dotnet\tools;C:\Program Files\JetBrains\PyCharm 2020.2.5\bin;;C:\Program Files\JetBrains\CLion 2021.2.4\bin;;C:\Program Files\mitmproxy\bin;., surefire.test.class.path=C:\Users\suncong\Desktop\RabbitMQ-代码\springboot-project\springboot-rabbit-producer\target\test-classes;C:\Users\suncong\Desktop\RabbitMQ-代码\springboot-project\springboot-rabbit-producer\target\classes;D:\environment\apache-maven-3.6.3\repository\org\springframework\boot\spring-boot-starter-amqp\2.0.6.RELEASE\spring-boot-starter-amqp-2.0.6.RELEASE.jar;D:\environment\apache-maven-3.6.3\repository\org\springframework\spring-messaging\5.0.10.RELEASE\spring-messaging-5.0.10.RELEASE.jar;D:\environment\apache-maven-3.6.3\repository\org\springframework\spring-beans\5.0.10.RELEASE\spring-beans-5.0.10.RELEASE.jar;D:\environment\apache-maven-3.6.3\repository\org\springframework\amqp\spring-rabbit\2.0.8.RELEASE\spring-rabbit-2.0.8.RELEASE.jar;D:\environment\apache-maven-3.6.3\repository\org\springframework\amqp\spring-amqp\2.0.8.RELEASE\spring-amqp-2.0.8.RELEASE.jar;D:\environment\apache-maven-3.6.3\repository\org\springframework\retry\spring-retry\1.2.2.RELEASE\spring-retry-1.2.2.RELEASE.jar;D:\environment\apache-maven-3.6.3\repository\com\rabbitmq\amqp-client\5.4.3\amqp-client-5.4.3.jar;D:\environment\apache-maven-3.6.3\repository\org\springframework\spring-context\5.0.10.RELEASE\spring-context-5.0.10.RELEASE.jar;D:\environment\apache-maven-3.6.3\repository\org\springframework\spring-tx\5.0.10.RELEASE\spring-tx-5.0.10.RELEASE.jar;D:\environment\apache-maven-3.6.3\repository\com\fasterxml\jackson\core\jackson-databind\2.9.5\jackson-databind-2.9.5.jar;D:\environment\apache-maven-3.6.3\repository\com\fasterxml\jackson\core\jackson-annotations\2.9.0\jackson-annotations-2.9.0.jar;D:\environment\apache-maven-3.6.3\repository\com\fasterxml\jackson\core\jackson-core\2.9.7\jackson-core-2.9.7.jar;D:\environment\apache-maven-3.6.3\repository\org\springframework\boot\spring-boot-starter-test\2.0.6.RELEASE\spring-boot-starter-test-2.0.6.RELEASE.jar;D:\environment\apache-maven-3.6.3\repository\org\springframework\boot\spring-boot-test\2.0.6.RELEASE\spring-boot-test-2.0.6.RELEASE.jar;D:\environment\apache-maven-3.6.3\repository\org\springframework\boot\spring-boot-test-autoconfigure\2.0.6.RELEASE\spring-boot-test-autoconfigure-2.0.6.RELEASE.jar;D:\environment\apache-maven-3.6.3\repository\com\jayway\jsonpath\json-path\2.4.0\json-path-2.4.0.jar;D:\environment\apache-maven-3.6.3\repository\net\minidev\json-smart\2.3\json-smart-2.3.jar;D:\environment\apache-maven-3.6.3\repository\net\minidev\accessors-smart\1.2\accessors-smart-1.2.jar;D:\environment\apache-maven-3.6.3\repository\org\ow2\asm\asm\5.0.4\asm-5.0.4.jar;D:\environment\apache-maven-3.6.3\repository\org\slf4j\slf4j-api\1.7.25\slf4j-api-1.7.25.jar;D:\environment\apache-maven-3.6.3\repository\junit\junit\4.12\junit-4.12.jar;D:\environment\apache-maven-3.6.3\repository\org\assertj\assertj-core\3.9.1\assertj-core-3.9.1.jar;D:\environment\apache-maven-3.6.3\repository\org\mockito\mockito-core\2.15.0\mockito-core-2.15.0.jar;D:\environment\apache-maven-3.6.3\repository\net\bytebuddy\byte-buddy\1.7.11\byte-buddy-1.7.11.jar;D:\environment\apache-maven-3.6.3\repository\net\bytebuddy\byte-buddy-agent\1.7.11\byte-buddy-agent-1.7.11.jar;D:\environment\apache-maven-3.6.3\repository\org\objenesis\objenesis\2.6\objenesis-2.6.jar;D:\environment\apache-maven-3.6.3\repository\org\hamcrest\hamcrest-core\1.3\hamcrest-core-1.3.jar;D:\environment\apache-maven-3.6.3\repository\org\hamcrest\hamcrest-library\1.3\hamcrest-library-1.3.jar;D:\environment\apache-maven-3.6.3\repository\org\skyscreamer\jsonassert\1.5.0\jsonassert-1.5.0.jar;D:\environment\apache-maven-3.6.3\repository\com\vaadin\external\google\android-json\0.0.20131108.vaadin1\android-json-0.0.20131108.vaadin1.jar;D:\environment\apache-maven-3.6.3\repository\org\springframework\spring-core\5.0.10.RELEASE\spring-core-5.0.10.RELEASE.jar;D:\environment\apache-maven-3.6.3\repository\org\springframework\spring-jcl\5.0.10.RELEASE\spring-jcl-5.0.10.RELEASE.jar;D:\environment\apache-maven-3.6.3\repository\org\springframework\spring-test\5.0.10.RELEASE\spring-test-5.0.10.RELEASE.jar;D:\environment\apache-maven-3.6.3\repository\org\xmlunit\xmlunit-core\2.5.1\xmlunit-core-2.5.1.jar;D:\environment\apache-maven-3.6.3\repository\org\springframework\boot\spring-boot-starter\2.0.6.RELEASE\spring-boot-starter-2.0.6.RELEASE.jar;D:\environment\apache-maven-3.6.3\repository\org\springframework\boot\spring-boot\2.0.6.RELEASE\spring-boot-2.0.6.RELEASE.jar;D:\environment\apache-maven-3.6.3\repository\org\springframework\boot\spring-boot-autoconfigure\2.0.6.RELEASE\spring-boot-autoconfigure-2.0.6.RELEASE.jar;D:\environment\apache-maven-3.6.3\repository\org\springframework\boot\spring-boot-starter-logging\2.0.6.RELEASE\spring-boot-starter-logging-2.0.6.RELEASE.jar;D:\environment\apache-maven-3.6.3\repository\ch\qos\logback\logback-classic\1.2.3\logback-classic-1.2.3.jar;D:\environment\apache-maven-3.6.3\repository\ch\qos\logback\logback-core\1.2.3\logback-core-1.2.3.jar;D:\environment\apache-maven-3.6.3\repository\org\apache\logging\log4j\log4j-to-slf4j\2.10.0\log4j-to-slf4j-2.10.0.jar;D:\environment\apache-maven-3.6.3\repository\org\apache\logging\log4j\log4j-api\2.10.0\log4j-api-2.10.0.jar;D:\environment\apache-maven-3.6.3\repository\org\slf4j\jul-to-slf4j\1.7.25\jul-to-slf4j-1.7.25.jar;D:\environment\apache-maven-3.6.3\repository\javax\annotation\javax.annotation-api\1.3.2\javax.annotation-api-1.3.2.jar;D:\environment\apache-maven-3.6.3\repository\org\yaml\snakeyaml\1.19\snakeyaml-1.19.jar;D:\environment\apache-maven-3.6.3\repository\org\mybatis\spring\boot\mybatis-spring-boot-starter\1.1.1\mybatis-spring-boot-starter-1.1.1.jar;D:\environment\apache-maven-3.6.3\repository\org\mybatis\spring\boot\mybatis-spring-boot-autoconfigure\1.1.1\mybatis-spring-boot-autoconfigure-1.1.1.jar;D:\environment\apache-maven-3.6.3\repository\org\mybatis\mybatis\3.4.0\mybatis-3.4.0.jar;D:\environment\apache-maven-3.6.3\repository\org\mybatis\mybatis-spring\1.3.0\mybatis-spring-1.3.0.jar;D:\environment\apache-maven-3.6.3\repository\org\springframework\boot\spring-boot-starter-jdbc\2.0.6.RELEASE\spring-boot-starter-jdbc-2.0.6.RELEASE.jar;D:\environment\apache-maven-3.6.3\repository\com\zaxxer\HikariCP\2.7.9\HikariCP-2.7.9.jar;D:\environment\apache-maven-3.6.3\repository\org\springframework\spring-jdbc\5.0.10.RELEASE\spring-jdbc-5.0.10.RELEASE.jar;D:\environment\apache-maven-3.6.3\repository\mysql\mysql-connector-java\5.1.21\mysql-connector-java-5.1.21.jar;D:\environment\apache-maven-3.6.3\repository\org\springframework\boot\spring-boot-starter-web\2.0.6.RELEASE\spring-boot-starter-web-2.0.6.RELEASE.jar;D:\environment\apache-maven-3.6.3\repository\org\springframework\boot\spring-boot-starter-json\2.0.6.RELEASE\spring-boot-starter-json-2.0.6.RELEASE.jar;D:\environment\apache-maven-3.6.3\repository\com\fasterxml\jackson\datatype\jackson-datatype-jdk8\2.9.7\jackson-datatype-jdk8-2.9.7.jar;D:\environment\apache-maven-3.6.3\repository\com\fasterxml\jackson\datatype\jackson-datatype-jsr310\2.9.7\jackson-datatype-jsr310-2.9.7.jar;D:\environment\apache-maven-3.6.3\repository\com\fasterxml\jackson\module\jackson-module-parameter-names\2.9.7\jackson-module-parameter-names-2.9.7.jar;D:\environment\apache-maven-3.6.3\repository\org\springframework\boot\spring-boot-starter-tomcat\2.0.6.RELEASE\spring-boot-starter-tomcat-2.0.6.RELEASE.jar;D:\environment\apache-maven-3.6.3\repository\org\apache\tomcat\embed\tomcat-embed-core\8.5.34\tomcat-embed-core-8.5.34.jar;D:\environment\apache-maven-3.6.3\repository\org\apache\tomcat\embed\tomcat-embed-el\8.5.34\tomcat-embed-el-8.5.34.jar;D:\environment\apache-maven-3.6.3\repository\org\apache\tomcat\embed\tomcat-embed-websocket\8.5.34\tomcat-embed-websocket-8.5.34.jar;D:\environment\apache-maven-3.6.3\repository\org\hibernate\validator\hibernate-validator\6.0.13.Final\hibernate-validator-6.0.13.Final.jar;D:\environment\apache-maven-3.6.3\repository\javax\validation\validation-api\2.0.1.Final\validation-api-2.0.1.Final.jar;D:\environment\apache-maven-3.6.3\repository\org\jboss\logging\jboss-logging\3.3.2.Final\jboss-logging-3.3.2.Final.jar;D:\environment\apache-maven-3.6.3\repository\com\fasterxml\classmate\1.3.4\classmate-1.3.4.jar;D:\environment\apache-maven-3.6.3\repository\org\springframework\spring-web\5.0.10.RELEASE\spring-web-5.0.10.RELEASE.jar;D:\environment\apache-maven-3.6.3\repository\org\springframework\spring-webmvc\5.0.10.RELEASE\spring-webmvc-5.0.10.RELEASE.jar;D:\environment\apache-maven-3.6.3\repository\org\springframework\spring-expression\5.0.10.RELEASE\spring-expression-5.0.10.RELEASE.jar;D:\environment\apache-maven-3.6.3\repository\org\springframework\boot\spring-boot-starter-thymeleaf\2.0.6.RELEASE\spring-boot-starter-thymeleaf-2.0.6.RELEASE.jar;D:\environment\apache-maven-3.6.3\repository\org\thymeleaf\thymeleaf-spring5\3.0.10.RELEASE\thymeleaf-spring5-3.0.10.RELEASE.jar;D:\environment\apache-maven-3.6.3\repository\org\thymeleaf\thymeleaf\3.0.10.RELEASE\thymeleaf-3.0.10.RELEASE.jar;D:\environment\apache-maven-3.6.3\repository\org\attoparser\attoparser\2.0.5.RELEASE\attoparser-2.0.5.RELEASE.jar;D:\environment\apache-maven-3.6.3\repository\org\unbescape\unbescape\1.1.6.RELEASE\unbescape-1.1.6.RELEASE.jar;D:\environment\apache-maven-3.6.3\repository\org\thymeleaf\extras\thymeleaf-extras-java8time\3.0.1.RELEASE\thymeleaf-extras-java8time-3.0.1.RELEASE.jar;D:\environment\apache-maven-3.6.3\repository\org\springframework\boot\spring-boot-starter-aop\2.0.6.RELEASE\spring-boot-starter-aop-2.0.6.RELEASE.jar;D:\environment\apache-maven-3.6.3\repository\org\springframework\spring-aop\5.0.10.RELEASE\spring-aop-5.0.10.RELEASE.jar;D:\environment\apache-maven-3.6.3\repository\org\aspectj\aspectjweaver\1.8.13\aspectjweaver-1.8.13.jar;D:\environment\apache-maven-3.6.3\repository\com\alibaba\fastjson\1.2.21\fastjson-1.2.21.jar;, java.specification.name=Java Platform API Specification, java.class.version=52.0, sun.management.compiler=HotSpot 64-Bit Tiered Compilers, maven.repo.local=D:\environment\apache-maven-3.6.3\repository, os.version=10.0, user.home=C:\Users\suncong, user.timezone=Asia/Shanghai, java.awt.printerjob=sun.awt.windows.WPrinterJob, file.encoding=GBK, java.specification.version=1.8, java.class.path=C:\Users\suncong\Desktop\RabbitMQ-代码\springboot-project\springboot-rabbit-producer\target\test-classes;C:\Users\suncong\Desktop\RabbitMQ-代码\springboot-project\springboot-rabbit-producer\target\classes;D:\environment\apache-maven-3.6.3\repository\org\springframework\boot\spring-boot-starter-amqp\2.0.6.RELEASE\spring-boot-starter-amqp-2.0.6.RELEASE.jar;D:\environment\apache-maven-3.6.3\repository\org\springframework\spring-messaging\5.0.10.RELEASE\spring-messaging-5.0.10.RELEASE.jar;D:\environment\apache-maven-3.6.3\repository\org\springframework\spring-beans\5.0.10.RELEASE\spring-beans-5.0.10.RELEASE.jar;D:\environment\apache-maven-3.6.3\repository\org\springframework\amqp\spring-rabbit\2.0.8.RELEASE\spring-rabbit-2.0.8.RELEASE.jar;D:\environment\apache-maven-3.6.3\repository\org\springframework\amqp\spring-amqp\2.0.8.RELEASE\spring-amqp-2.0.8.RELEASE.jar;D:\environment\apache-maven-3.6.3\repository\org\springframework\retry\spring-retry\1.2.2.RELEASE\spring-retry-1.2.2.RELEASE.jar;D:\environment\apache-maven-3.6.3\repository\com\rabbitmq\amqp-client\5.4.3\amqp-client-5.4.3.jar;D:\environment\apache-maven-3.6.3\repository\org\springframework\spring-context\5.0.10.RELEASE\spring-context-5.0.10.RELEASE.jar;D:\environment\apache-maven-3.6.3\repository\org\springframework\spring-tx\5.0.10.RELEASE\spring-tx-5.0.10.RELEASE.jar;D:\environment\apache-maven-3.6.3\repository\com\fasterxml\jackson\core\jackson-databind\2.9.5\jackson-databind-2.9.5.jar;D:\environment\apache-maven-3.6.3\repository\com\fasterxml\jackson\core\jackson-annotations\2.9.0\jackson-annotations-2.9.0.jar;D:\environment\apache-maven-3.6.3\repository\com\fasterxml\jackson\core\jackson-core\2.9.7\jackson-core-2.9.7.jar;D:\environment\apache-maven-3.6.3\repository\org\springframework\boot\spring-boot-starter-test\2.0.6.RELEASE\spring-boot-starter-test-2.0.6.RELEASE.jar;D:\environment\apache-maven-3.6.3\repository\org\springframework\boot\spring-boot-test\2.0.6.RELEASE\spring-boot-test-2.0.6.RELEASE.jar;D:\environment\apache-maven-3.6.3\repository\org\springframework\boot\spring-boot-test-autoconfigure\2.0.6.RELEASE\spring-boot-test-autoconfigure-2.0.6.RELEASE.jar;D:\environment\apache-maven-3.6.3\repository\com\jayway\jsonpath\json-path\2.4.0\json-path-2.4.0.jar;D:\environment\apache-maven-3.6.3\repository\net\minidev\json-smart\2.3\json-smart-2.3.jar;D:\environment\apache-maven-3.6.3\repository\net\minidev\accessors-smart\1.2\accessors-smart-1.2.jar;D:\environment\apache-maven-3.6.3\repository\org\ow2\asm\asm\5.0.4\asm-5.0.4.jar;D:\environment\apache-maven-3.6.3\repository\org\slf4j\slf4j-api\1.7.25\slf4j-api-1.7.25.jar;D:\environment\apache-maven-3.6.3\repository\junit\junit\4.12\junit-4.12.jar;D:\environment\apache-maven-3.6.3\repository\org\assertj\assertj-core\3.9.1\assertj-core-3.9.1.jar;D:\environment\apache-maven-3.6.3\repository\org\mockito\mockito-core\2.15.0\mockito-core-2.15.0.jar;D:\environment\apache-maven-3.6.3\repository\net\bytebuddy\byte-buddy\1.7.11\byte-buddy-1.7.11.jar;D:\environment\apache-maven-3.6.3\repository\net\bytebuddy\byte-buddy-agent\1.7.11\byte-buddy-agent-1.7.11.jar;D:\environment\apache-maven-3.6.3\repository\org\objenesis\objenesis\2.6\objenesis-2.6.jar;D:\environment\apache-maven-3.6.3\repository\org\hamcrest\hamcrest-core\1.3\hamcrest-core-1.3.jar;D:\environment\apache-maven-3.6.3\repository\org\hamcrest\hamcrest-library\1.3\hamcrest-library-1.3.jar;D:\environment\apache-maven-3.6.3\repository\org\skyscreamer\jsonassert\1.5.0\jsonassert-1.5.0.jar;D:\environment\apache-maven-3.6.3\repository\com\vaadin\external\google\android-json\0.0.20131108.vaadin1\android-json-0.0.20131108.vaadin1.jar;D:\environment\apache-maven-3.6.3\repository\org\springframework\spring-core\5.0.10.RELEASE\spring-core-5.0.10.RELEASE.jar;D:\environment\apache-maven-3.6.3\repository\org\springframework\spring-jcl\5.0.10.RELEASE\spring-jcl-5.0.10.RELEASE.jar;D:\environment\apache-maven-3.6.3\repository\org\springframework\spring-test\5.0.10.RELEASE\spring-test-5.0.10.RELEASE.jar;D:\environment\apache-maven-3.6.3\repository\org\xmlunit\xmlunit-core\2.5.1\xmlunit-core-2.5.1.jar;D:\environment\apache-maven-3.6.3\repository\org\springframework\boot\spring-boot-starter\2.0.6.RELEASE\spring-boot-starter-2.0.6.RELEASE.jar;D:\environment\apache-maven-3.6.3\repository\org\springframework\boot\spring-boot\2.0.6.RELEASE\spring-boot-2.0.6.RELEASE.jar;D:\environment\apache-maven-3.6.3\repository\org\springframework\boot\spring-boot-autoconfigure\2.0.6.RELEASE\spring-boot-autoconfigure-2.0.6.RELEASE.jar;D:\environment\apache-maven-3.6.3\repository\org\springframework\boot\spring-boot-starter-logging\2.0.6.RELEASE\spring-boot-starter-logging-2.0.6.RELEASE.jar;D:\environment\apache-maven-3.6.3\repository\ch\qos\logback\logback-classic\1.2.3\logback-classic-1.2.3.jar;D:\environment\apache-maven-3.6.3\repository\ch\qos\logback\logback-core\1.2.3\logback-core-1.2.3.jar;D:\environment\apache-maven-3.6.3\repository\org\apache\logging\log4j\log4j-to-slf4j\2.10.0\log4j-to-slf4j-2.10.0.jar;D:\environment\apache-maven-3.6.3\repository\org\apache\logging\log4j\log4j-api\2.10.0\log4j-api-2.10.0.jar;D:\environment\apache-maven-3.6.3\repository\org\slf4j\jul-to-slf4j\1.7.25\jul-to-slf4j-1.7.25.jar;D:\environment\apache-maven-3.6.3\repository\javax\annotation\javax.annotation-api\1.3.2\javax.annotation-api-1.3.2.jar;D:\environment\apache-maven-3.6.3\repository\org\yaml\snakeyaml\1.19\snakeyaml-1.19.jar;D:\environment\apache-maven-3.6.3\repository\org\mybatis\spring\boot\mybatis-spring-boot-starter\1.1.1\mybatis-spring-boot-starter-1.1.1.jar;D:\environment\apache-maven-3.6.3\repository\org\mybatis\spring\boot\mybatis-spring-boot-autoconfigure\1.1.1\mybatis-spring-boot-autoconfigure-1.1.1.jar;D:\environment\apache-maven-3.6.3\repository\org\mybatis\mybatis\3.4.0\mybatis-3.4.0.jar;D:\environment\apache-maven-3.6.3\repository\org\mybatis\mybatis-spring\1.3.0\mybatis-spring-1.3.0.jar;D:\environment\apache-maven-3.6.3\repository\org\springframework\boot\spring-boot-starter-jdbc\2.0.6.RELEASE\spring-boot-starter-jdbc-2.0.6.RELEASE.jar;D:\environment\apache-maven-3.6.3\repository\com\zaxxer\HikariCP\2.7.9\HikariCP-2.7.9.jar;D:\environment\apache-maven-3.6.3\repository\org\springframework\spring-jdbc\5.0.10.RELEASE\spring-jdbc-5.0.10.RELEASE.jar;D:\environment\apache-maven-3.6.3\repository\mysql\mysql-connector-java\5.1.21\mysql-connector-java-5.1.21.jar;D:\environment\apache-maven-3.6.3\repository\org\springframework\boot\spring-boot-starter-web\2.0.6.RELEASE\spring-boot-starter-web-2.0.6.RELEASE.jar;D:\environment\apache-maven-3.6.3\repository\org\springframework\boot\spring-boot-starter-json\2.0.6.RELEASE\spring-boot-starter-json-2.0.6.RELEASE.jar;D:\environment\apache-maven-3.6.3\repository\com\fasterxml\jackson\datatype\jackson-datatype-jdk8\2.9.7\jackson-datatype-jdk8-2.9.7.jar;D:\environment\apache-maven-3.6.3\repository\com\fasterxml\jackson\datatype\jackson-datatype-jsr310\2.9.7\jackson-datatype-jsr310-2.9.7.jar;D:\environment\apache-maven-3.6.3\repository\com\fasterxml\jackson\module\jackson-module-parameter-names\2.9.7\jackson-module-parameter-names-2.9.7.jar;D:\environment\apache-maven-3.6.3\repository\org\springframework\boot\spring-boot-starter-tomcat\2.0.6.RELEASE\spring-boot-starter-tomcat-2.0.6.RELEASE.jar;D:\environment\apache-maven-3.6.3\repository\org\apache\tomcat\embed\tomcat-embed-core\8.5.34\tomcat-embed-core-8.5.34.jar;D:\environment\apache-maven-3.6.3\repository\org\apache\tomcat\embed\tomcat-embed-el\8.5.34\tomcat-embed-el-8.5.34.jar;D:\environment\apache-maven-3.6.3\repository\org\apache\tomcat\embed\tomcat-embed-websocket\8.5.34\tomcat-embed-websocket-8.5.34.jar;D:\environment\apache-maven-3.6.3\repository\org\hibernate\validator\hibernate-validator\6.0.13.Final\hibernate-validator-6.0.13.Final.jar;D:\environment\apache-maven-3.6.3\repository\javax\validation\validation-api\2.0.1.Final\validation-api-2.0.1.Final.jar;D:\environment\apache-maven-3.6.3\repository\org\jboss\logging\jboss-logging\3.3.2.Final\jboss-logging-3.3.2.Final.jar;D:\environment\apache-maven-3.6.3\repository\com\fasterxml\classmate\1.3.4\classmate-1.3.4.jar;D:\environment\apache-maven-3.6.3\repository\org\springframework\spring-web\5.0.10.RELEASE\spring-web-5.0.10.RELEASE.jar;D:\environment\apache-maven-3.6.3\repository\org\springframework\spring-webmvc\5.0.10.RELEASE\spring-webmvc-5.0.10.RELEASE.jar;D:\environment\apache-maven-3.6.3\repository\org\springframework\spring-expression\5.0.10.RELEASE\spring-expression-5.0.10.RELEASE.jar;D:\environment\apache-maven-3.6.3\repository\org\springframework\boot\spring-boot-starter-thymeleaf\2.0.6.RELEASE\spring-boot-starter-thymeleaf-2.0.6.RELEASE.jar;D:\environment\apache-maven-3.6.3\repository\org\thymeleaf\thymeleaf-spring5\3.0.10.RELEASE\thymeleaf-spring5-3.0.10.RELEASE.jar;D:\environment\apache-maven-3.6.3\repository\org\thymeleaf\thymeleaf\3.0.10.RELEASE\thymeleaf-3.0.10.RELEASE.jar;D:\environment\apache-maven-3.6.3\repository\org\attoparser\attoparser\2.0.5.RELEASE\attoparser-2.0.5.RELEASE.jar;D:\environment\apache-maven-3.6.3\repository\org\unbescape\unbescape\1.1.6.RELEASE\unbescape-1.1.6.RELEASE.jar;D:\environment\apache-maven-3.6.3\repository\org\thymeleaf\extras\thymeleaf-extras-java8time\3.0.1.RELEASE\thymeleaf-extras-java8time-3.0.1.RELEASE.jar;D:\environment\apache-maven-3.6.3\repository\org\springframework\boot\spring-boot-starter-aop\2.0.6.RELEASE\spring-boot-starter-aop-2.0.6.RELEASE.jar;D:\environment\apache-maven-3.6.3\repository\org\springframework\spring-aop\5.0.10.RELEASE\spring-aop-5.0.10.RELEASE.jar;D:\environment\apache-maven-3.6.3\repository\org\aspectj\aspectjweaver\1.8.13\aspectjweaver-1.8.13.jar;D:\environment\apache-maven-3.6.3\repository\com\alibaba\fastjson\1.2.21\fastjson-1.2.21.jar;, user.name=suncong, java.vm.specification.version=1.8, sun.java.command=C:\Users\suncong\AppData\Local\Temp\surefire2404271664799197928\surefirebooter8166567896017268919.jar C:\Users\suncong\AppData\Local\Temp\surefire2404271664799197928 2022-10-11T21-30-12_129-jvmRun1 surefire6237252449826266982tmp surefire_13665595180224110221tmp, java.home=D:\environment\zulu8.62.0.19-ca-jdk8.0.332-win_x64\jre, sun.arch.data.model=64, user.language=zh, java.specification.vendor=Oracle Corporation, awt.toolkit=sun.awt.windows.WToolkit, java.vm.info=mixed mode, java.version=1.8.0_332, java.ext.dirs=D:\environment\zulu8.62.0.19-ca-jdk8.0.332-win_x64\jre\lib\ext;C:\Windows\Sun\Java\lib\ext, sun.boot.class.path=D:\environment\zulu8.62.0.19-ca-jdk8.0.332-win_x64\jre\lib\resources.jar;D:\environment\zulu8.62.0.19-ca-jdk8.0.332-win_x64\jre\lib\rt.jar;D:\environment\zulu8.62.0.19-ca-jdk8.0.332-win_x64\jre\lib\sunrsasign.jar;D:\environment\zulu8.62.0.19-ca-jdk8.0.332-win_x64\jre\lib\jsse.jar;D:\environment\zulu8.62.0.19-ca-jdk8.0.332-win_x64\jre\lib\jce.jar;D:\environment\zulu8.62.0.19-ca-jdk8.0.332-win_x64\jre\lib\charsets.jar;D:\environment\zulu8.62.0.19-ca-jdk8.0.332-win_x64\jre\lib\jfr.jar;D:\environment\zulu8.62.0.19-ca-jdk8.0.332-win_x64\jre\lib\cat.jar;D:\environment\zulu8.62.0.19-ca-jdk8.0.332-win_x64\jre\classes, java.vendor=Azul Systems, Inc., localRepository=D:\environment\apache-maven-3.6.3\repository, file.separator=\, java.vendor.url.bug=http://www.azul.com/support/, sun.io.unicode.encoding=UnicodeLittle, sun.cpu.endian=little, sun.desktop=windows, sun.cpu.isalist=amd64}}, SystemEnvironmentPropertySource@282496973 {name='systemEnvironment', properties={PATH=D:\environment\MinGW\bin;C:\Windows\system32;C:\Windows\System32\Wbem;C:\Windows\System32\OpenSSH;C:\Program Files (x86)\NVIDIA Corporation\PhysX\Common;C:\Windows\System32\WindowsPowerShell\v1.0;C:\Program Files\Git\cmd;D:\environment\zulu8.62.0.19-ca-jdk8.0.332-win_x64\bin;D:\environment\apache-maven-3.6.3\bin;D:\environment\nodejs\;D:\environment\redis5.0.10;C:\Program Files (x86)\Tencent\微信web开发者工具\dll;C:\Program Files\Bandizip\;D:\environment\go\bin;C:\Program Files\dotnet\;D:\environment\erl-23.3\bin;C:\Users\suncong\AppData\Local\Programs\Python\Python39\Scripts\;C:\Users\suncong\AppData\Local\Programs\Python\Python39\;C:\Users\suncong\AppData\Local\Microsoft\WindowsApps;;C:\Users\suncong\AppData\Local\Programs\Microsoft VS Code\bin;C:\Users\suncong\AppData\Roaming\npm;C:\Users\suncong\go\bin;C:\Users\suncong\.dotnet\tools;C:\Program Files\JetBrains\PyCharm 2020.2.5\bin;;C:\Program Files\JetBrains\CLion 2021.2.4\bin;;C:\Program Files\mitmproxy\bin, USERDOMAIN_ROAMINGPROFILE=SC, PROCESSOR_LEVEL=6, SYSTEMDRIVE=C:, SESSIONNAME=Console, ALLUSERSPROFILE=C:\ProgramData, CLION=C:\Program Files\JetBrains\CLion 2021.2.4\bin;, PROCESSOR_ARCHITECTURE=AMD64, DRIVERDATA=C:\Windows\System32\Drivers\DriverData, MAVEN_HOME=D:\environment\apache-maven-3.6.3, PROGRAMFILES=C:\Program Files, PSMODULEPATH=C:\Program Files\WindowsPowerShell\Modules;C:\Windows\system32\WindowsPowerShell\v1.0\Modules, PROGRAMDATA=C:\ProgramData, USERNAME=suncong, FPS_BROWSER_USER_PROFILE_STRING=Default, ONEDRIVE=C:\Users\suncong\OneDrive, PATHEXT=.COM;.EXE;.BAT;.CMD;.VBS;.VBE;.JS;.JSE;.WSF;.WSH;.MSC, GOPATH=C:\Users\suncong\go, WINDIR=C:\Windows, HOMEPATH=\Users\suncong, PROCESSOR_IDENTIFIER=Intel64 Family 6 Model 158 Stepping 10, GenuineIntel, PUBLIC=C:\Users\Public, =::=::\, LOCALAPPDATA=C:\Users\suncong\AppData\Local, COMMONPROGRAMFILES(X86)=C:\Program Files (x86)\Common Files, USERDOMAIN=SC, FPS_BROWSER_APP_PROFILE_STRING=Internet Explorer, LOGONSERVER=\\SC, JAVA_HOME=D:\environment\zulu8.62.0.19-ca-jdk8.0.332-win_x64, PROMPT=$P$G, PROGRAMFILES(X86)=C:\Program Files (x86), ERLANG_HOME=D:\environment\erl-23.3, =C:=C:\Users\suncong\Desktop\RabbitMQ-代码\springboot-project\springboot-rabbit-producer, APPDATA=C:\Users\suncong\AppData\Roaming, PROGRAMW6432=C:\Program Files, SYSTEMROOT=C:\Windows, OS=Windows_NT, COMMONPROGRAMW6432=C:\Program Files\Common Files, COMPUTERNAME=SC, COMMONPROGRAMFILES=C:\Program Files\Common Files, COMSPEC=C:\Windows\system32\cmd.exe, PROCESSOR_REVISION=9e0a, CLASSPATH=.;D:\environment\zulu8.62.0.19-ca-jdk8.0.332-win_x64\lib\dt.jar;D:\environment\zulu8.62.0.19-ca-jdk8.0.332-win_x64\lib\tools.jar, PYCHARM=C:\Program Files\JetBrains\PyCharm 2020.2.5\bin;, TEMP=C:\Users\suncong\AppData\Local\Temp, HOMEDRIVE=C:, USERPROFILE=C:\Users\suncong, TMP=C:\Users\suncong\AppData\Local\Temp, NUMBER_OF_PROCESSORS=8, IDEA_INITIAL_DIRECTORY=C:\Users\suncong\Desktop}}]
21:31:48.327 [main] DEBUG org.springframework.test.context.support.TestPropertySourceUtils - Adding inlined properties to environment: {spring.jmx.enabled=false, org.springframework.boot.test.context.SpringBootTestContextBootstrapper=true, server.port=-1}
21:31:48.327 [main] DEBUG org.springframework.core.env.StandardEnvironment - Adding PropertySource 'Inlined Test Properties' with highest search precedence
 ________      ___  ___      ________    ________      ________     
|\   ____\    |\  \|\  \    |\   __  \  |\   __  \    |\   __  \    
\ \  \___|    \ \  \\\  \   \ \  \|\  \ \ \  \|\  \   \ \  \|\  \   
 \ \  \  ___   \ \  \\\  \   \ \   ____\ \ \   __  \   \ \  \\\  \  
  \ \  \|\  \   \ \  \\\  \   \ \  \___|  \ \  \ \  \   \ \  \\\  \ 
   \ \_______\   \ \_______\   \ \__\      \ \__\ \__\   \ \_______\
    \|_______|    \|_______|    \|__|       \|__|\|__|    \|_______|
                                                                    
                                                                    
                                                                    
2022-10-11 21:31:48.531  INFO 24788 --- [           main] com.gupaoedu.AppTests                    : Starting AppTests on sc with PID 24788 (started by suncong in C:\Users\suncong\Desktop\RabbitMQ-代码\springboot-project\springboot-rabbit-producer)
2022-10-11 21:31:48.531  INFO 24788 --- [           main] com.gupaoedu.AppTests                    : No active profile set, falling back to default profiles: default
2022-10-11 21:31:48.556  INFO 24788 --- [           main] o.s.w.c.s.GenericWebApplicationContext   : Refreshing org.springframework.web.context.support.GenericWebApplicationContext@6cb107fd: startup date [Tue Oct 11 21:31:48 CST 2022]; root of context hierarchy
2022-10-11 21:31:49.363  INFO 24788 --- [           main] trationDelegate$BeanPostProcessorChecker : Bean 'org.springframework.amqp.rabbit.annotation.RabbitBootstrapConfiguration' of type [org.springframework.amqp.rabbit.annotation.RabbitBootstrapConfiguration$$EnhancerBySpringCGLIB$$55831558] is not eligible for getting processed by all BeanPostProcessors (for example: not eligible for auto-proxying)
2022-10-11 21:31:50.280  INFO 24788 --- [           main] o.s.w.s.handler.SimpleUrlHandlerMapping  : Mapped URL path [/**/favicon.ico] onto handler of type [class org.springframework.web.servlet.resource.ResourceHttpRequestHandler]
2022-10-11 21:31:50.442  INFO 24788 --- [           main] s.w.s.m.m.a.RequestMappingHandlerAdapter : Looking for @ControllerAdvice: org.springframework.web.context.support.GenericWebApplicationContext@6cb107fd: startup date [Tue Oct 11 21:31:48 CST 2022]; root of context hierarchy
2022-10-11 21:31:50.512  INFO 24788 --- [           main] s.w.s.m.m.a.RequestMappingHandlerMapping : Mapped "{[/delete]}" onto public java.lang.Integer com.gupaoedu.controller.MerchantController.delete(java.lang.Integer)
2022-10-11 21:31:50.513  INFO 24788 --- [           main] s.w.s.m.m.a.RequestMappingHandlerMapping : Mapped "{[/toUpdate]}" onto public java.lang.String com.gupaoedu.controller.MerchantController.toUpdate(java.lang.Integer,org.springframework.ui.Model)
2022-10-11 21:31:50.515  INFO 24788 --- [           main] s.w.s.m.m.a.RequestMappingHandlerMapping : Mapped "{[/toMerchant]}" onto public java.lang.String com.gupaoedu.controller.MerchantController.toMerchant()
2022-10-11 21:31:50.515  INFO 24788 --- [           main] s.w.s.m.m.a.RequestMappingHandlerMapping : Mapped "{[/merchantAdd]}" onto public java.lang.Integer com.gupaoedu.controller.MerchantController.merchantAdd(java.lang.String,java.lang.String,java.lang.String,java.lang.String)
2022-10-11 21:31:50.515  INFO 24788 --- [           main] s.w.s.m.m.a.RequestMappingHandlerMapping : Mapped "{[/getMerchantList]}" onto public com.gupaoedu.util.LayuiData com.gupaoedu.controller.MerchantController.getMerchantList(javax.servlet.http.HttpServletRequest)
2022-10-11 21:31:50.515  INFO 24788 --- [           main] s.w.s.m.m.a.RequestMappingHandlerMapping : Mapped "{[/merchantList]}" onto public java.lang.String com.gupaoedu.controller.MerchantController.merchantList1()
2022-10-11 21:31:50.515  INFO 24788 --- [           main] s.w.s.m.m.a.RequestMappingHandlerMapping : Mapped "{[/merchantUpdate]}" onto public java.lang.Integer com.gupaoedu.controller.MerchantController.merchantUpdate(java.lang.Integer,java.lang.String,java.lang.String,java.lang.String,java.lang.String)
2022-10-11 21:31:50.516  INFO 24788 --- [           main] s.w.s.m.m.a.RequestMappingHandlerMapping : Mapped "{[/toDetail]}" onto public java.lang.String com.gupaoedu.controller.MerchantController.toDetail(java.lang.Integer,org.springframework.ui.Model)
2022-10-11 21:31:50.516  INFO 24788 --- [           main] s.w.s.m.m.a.RequestMappingHandlerMapping : Mapped "{[/changeState],methods=[GET]}" onto public java.lang.String com.gupaoedu.controller.MerchantController.changeState(java.lang.String) throws java.lang.Exception
2022-10-11 21:31:50.519  INFO 24788 --- [           main] s.w.s.m.m.a.RequestMappingHandlerMapping : Mapped "{[/error]}" onto public org.springframework.http.ResponseEntity<java.util.Map<java.lang.String, java.lang.Object>> org.springframework.boot.autoconfigure.web.servlet.error.BasicErrorController.error(javax.servlet.http.HttpServletRequest)
2022-10-11 21:31:50.520  INFO 24788 --- [           main] s.w.s.m.m.a.RequestMappingHandlerMapping : Mapped "{[/error],produces=[text/html]}" onto public org.springframework.web.servlet.ModelAndView org.springframework.boot.autoconfigure.web.servlet.error.BasicErrorController.errorHtml(javax.servlet.http.HttpServletRequest,javax.servlet.http.HttpServletResponse)
2022-10-11 21:31:50.532  INFO 24788 --- [           main] o.s.w.s.handler.SimpleUrlHandlerMapping  : Mapped URL path [/webjars/**] onto handler of type [class org.springframework.web.servlet.resource.ResourceHttpRequestHandler]
2022-10-11 21:31:50.532  INFO 24788 --- [           main] o.s.w.s.handler.SimpleUrlHandlerMapping  : Mapped URL path [/**] onto handler of type [class org.springframework.web.servlet.resource.ResourceHttpRequestHandler]
2022-10-11 21:31:50.880  INFO 24788 --- [           main] o.s.c.support.DefaultLifecycleProcessor  : Starting beans in phase 2147483647
2022-10-11 21:31:50.887  INFO 24788 --- [           main] com.gupaoedu.AppTests                    : Started AppTests in 2.554 seconds (JVM running for 3.192)
2022-10-11 21:31:51.005  INFO 24788 --- [           main] o.s.a.r.c.CachingConnectionFactory       : Attempting to connect to: [localhost:5672]
]]></system-out>
  </testcase>
</testsuite>